# JRE version: Java(TM) SE Runtime Environment (8.0_66-b17) (build 1.8.0_66-b17)
# Java VM: Java HotSpot(TM) 64-Bit Server VM (25.66-b17 mixed mode bsd-amd64 compressed oops)
Heap:
 PSYoungGen      total 30208K, used 696K [0x0000000795580000, 0x0000000797a80000, 0x00000007c0000000)
  eden space 29696K, 1% used [0x0000000795580000,0x000000079560e098,0x0000000797280000)
  from space 512K, 25% used [0x0000000797300000,0x0000000797320000,0x0000000797380000)
  to   space 4096K, 0% used [0x0000000797680000,0x0000000797680000,0x0000000797a80000)
 ParOldGen       total 87552K, used 4074K [0x0000000740000000, 0x0000000745580000, 0x0000000795580000)
  object space 87552K, 4% used [0x0000000740000000,0x00000007403fa978,0x0000000745580000)
 Metaspace       used 11198K, capacity 12102K, committed 12160K, reserved 1058816K
  class space    used 1326K, capacity 1867K, committed 1920K, reserved 1048576K
GC Heap History (10 events):
Event: 3682.281 GC heap before
{Heap before GC invocations=7 (full 0):
 PSYoungGen      total 34816K, used 34816K [0x0000000795580000, 0x0000000797b80000, 0x00000007c0000000)
  eden space 32256K, 100% used [0x0000000795580000,0x0000000797500000,0x0000000797500000)
  from space 2560K, 100% used [0x0000000797900000,0x0000000797b80000,0x0000000797b80000)
  to   space 3072K, 0% used [0x0000000797580000,0x0000000797580000,0x0000000797880000)
 ParOldGen       total 87552K, used 56K [0x0000000740000000, 0x0000000745580000, 0x0000000795580000)
  object space 87552K, 0% used [0x0000000740000000,0x000000074000e000,0x0000000745580000)
 Metaspace       used 11007K, capacity 11912K, committed 12160K, reserved 1058816K
  class space    used 1303K, capacity 1831K, committed 1920K, reserved 1048576K
Event: 3682.287 GC heap after
Heap after GC invocations=7 (full 0):
 PSYoungGen      total 32256K, used 384K [0x0000000795580000, 0x0000000797a80000, 0x00000007c0000000)
  eden space 31744K, 0% used [0x0000000795580000,0x0000000795580000,0x0000000797480000)
  from space 512K, 75% used [0x0000000797580000,0x00000007975e0000,0x0000000797600000)
  to   space 3072K, 0% used [0x0000000797780000,0x0000000797780000,0x0000000797a80000)
 ParOldGen       total 87552K, used 2311K [0x0000000740000000, 0x0000000745580000, 0x0000000795580000)
  object space 87552K, 2% used [0x0000000740000000,0x0000000740241ea8,0x0000000745580000)
 Metaspace       used 11007K, capacity 11912K, committed 12160K, reserved 1058816K
  class space    used 1303K, capacity 1831K, committed 1920K, reserved 1048576K
}
Event: 4271.040 GC heap before
{Heap before GC invocations=8 (full 0):
 PSYoungGen      total 32256K, used 32128K [0x0000000795580000, 0x0000000797a80000, 0x00000007c0000000)
  eden space 31744K, 100% used [0x0000000795580000,0x0000000797480000,0x0000000797480000)
  from space 512K, 75% used [0x0000000797580000,0x00000007975e0000,0x0000000797600000)
  to   space 3072K, 0% used [0x0000000797780000,0x0000000797780000,0x0000000797a80000)
 ParOldGen       total 87552K, used 2311K [0x0000000740000000, 0x0000000745580000, 0x0000000795580000)
  object space 87552K, 2% used [0x0000000740000000,0x0000000740241ea8,0x0000000745580000)
 Metaspace       used 11037K, capacity 11974K, committed 12160K, reserved 1058816K
  class space    used 1310K, capacity 1867K, committed 1920K, reserved 1048576K
Event: 4271.042 GC heap after
Heap after GC invocations=8 (full 0):
 PSYoungGen      total 34304K, used 288K [0x0000000795580000, 0x0000000797b00000, 0x00000007c0000000)
  eden space 31232K, 0% used [0x0000000795580000,0x0000000795580000,0x0000000797400000)
  from space 3072K, 9% used [0x0000000797780000,0x00000007977c8000,0x0000000797a80000)
  to   space 3584K, 0% used [0x0000000797400000,0x0000000797400000,0x0000000797780000)
 ParOldGen       total 87552K, used 2455K [0x0000000740000000, 0x0000000745580000, 0x0000000795580000)
  object space 87552K, 2% used [0x0000000740000000,0x0000000740265ea8,0x0000000745580000)
 Metaspace       used 11037K, capacity 11974K, committed 12160K, reserved 1058816K
  class space    used 1310K, capacity 1867K, committed 1920K, reserved 1048576K
}
Event: 4843.728 GC heap before
{Heap before GC invocations=9 (full 0):
 PSYoungGen      total 34304K, used 31520K [0x0000000795580000, 0x0000000797b00000, 0x00000007c0000000)
  eden space 31232K, 100% used [0x0000000795580000,0x0000000797400000,0x0000000797400000)
  from space 3072K, 9% used [0x0000000797780000,0x00000007977c8000,0x0000000797a80000)
  to   space 3584K, 0% used [0x0000000797400000,0x0000000797400000,0x0000000797780000)
 ParOldGen       total 87552K, used 2455K [0x0000000740000000, 0x0000000745580000, 0x0000000795580000)
  object space 87552K, 2% used [0x0000000740000000,0x0000000740265ea8,0x0000000745580000)
 Metaspace       used 11037K, capacity 11974K, committed 12160K, reserved 1058816K
  class space    used 1310K, capacity 1867K, committed 1920K, reserved 1048576K
Event: 4843.729 GC heap after
Heap after GC invocations=9 (full 0):
 PSYoungGen      total 31232K, used 224K [0x0000000795580000, 0x0000000797a80000, 0x00000007c0000000)
  eden space 30720K, 0% used [0x0000000795580000,0x0000000795580000,0x0000000797380000)
  from space 512K, 43% used [0x0000000797400000,0x0000000797438000,0x0000000797480000)
  to   space 3584K, 0% used [0x0000000797700000,0x0000000797700000,0x0000000797a80000)
 ParOldGen       total 87552K, used 2535K [0x0000000740000000, 0x0000000745580000, 0x0000000795580000)
  object space 87552K, 2% used [0x0000000740000000,0x0000000740279ea8,0x0000000745580000)
 Metaspace       used 11037K, capacity 11974K, committed 12160K, reserved 1058816K
  class space    used 1310K, capacity 1867K, committed 1920K, reserved 1048576K
}
Event: 5392.185 GC heap before
{Heap before GC invocations=10 (full 0):
 PSYoungGen      total 31232K, used 30944K [0x0000000795580000, 0x0000000797a80000, 0x00000007c0000000)
  eden space 30720K, 100% used [0x0000000795580000,0x0000000797380000,0x0000000797380000)
  from space 512K, 43% used [0x0000000797400000,0x0000000797438000,0x0000000797480000)
  to   space 3584K, 0% used [0x0000000797700000,0x0000000797700000,0x0000000797a80000)
 ParOldGen       total 87552K, used 2535K [0x0000000740000000, 0x0000000745580000, 0x0000000795580000)
  object space 87552K, 2% used [0x0000000740000000,0x0000000740279ea8,0x0000000745580000)
 Metaspace       used 11198K, capacity 12102K, committed 12160K, reserved 1058816K
  class space    used 1326K, capacity 1867K, committed 1920K, reserved 1048576K
Event: 5392.194 GC heap after
Heap after GC invocations=10 (full 0):
 PSYoungGen      total 33792K, used 2837K [0x0000000795580000, 0x0000000797b00000, 0x00000007c0000000)
  eden space 30208K, 0% used [0x0000000795580000,0x0000000795580000,0x0000000797300000)
  from space 3584K, 79% used [0x0000000797700000,0x00000007979c55a0,0x0000000797a80000)
  to   space 4096K, 0% used [0x0000000797300000,0x0000000797300000,0x0000000797700000)
 ParOldGen       total 87552K, used 4042K [0x0000000740000000, 0x0000000745580000, 0x0000000795580000)
  object space 87552K, 4% used [0x0000000740000000,0x00000007403f2978,0x0000000745580000)
 Metaspace       used 11198K, capacity 12102K, committed 12160K, reserved 1058816K
  class space    used 1326K, capacity 1867K, committed 1920K, reserved 1048576K
}
Event: 5948.037 GC heap before
{Heap before GC invocations=11 (full 0):
 PSYoungGen      total 33792K, used 33045K [0x0000000795580000, 0x0000000797b00000, 0x00000007c0000000)
  eden space 30208K, 100% used [0x0000000795580000,0x0000000797300000,0x0000000797300000)
  from space 3584K, 79% used [0x0000000797700000,0x00000007979c55a0,0x0000000797a80000)
  to   space 4096K, 0% used [0x0000000797300000,0x0000000797300000,0x0000000797700000)
 ParOldGen       total 87552K, used 4042K [0x0000000740000000, 0x0000000745580000, 0x0000000795580000)
  object space 87552K, 4% used [0x0000000740000000,0x00000007403f2978,0x0000000745580000)
 Metaspace       used 11198K, capacity 12102K, committed 12160K, reserved 1058816K
  class space    used 1326K, capacity 1867K, committed 1920K, reserved 1048576K
Event: 5948.038 GC heap after
Heap after GC invocations=11 (full 0):
 PSYoungGen      total 30208K, used 128K [0x0000000795580000, 0x0000000797a80000, 0x00000007c0000000)
  eden space 29696K, 0% used [0x0000000795580000,0x0000000795580000,0x0000000797280000)
  from space 512K, 25% used [0x0000000797300000,0x0000000797320000,0x0000000797380000)
  to   space 4096K, 0% used [0x0000000797680000,0x0000000797680000,0x0000000797a80000)
 ParOldGen       total 87552K, used 4074K [0x0000000740000000, 0x0000000745580000, 0x0000000795580000)
  object space 87552K, 4% used [0x0000000740000000,0x00000007403fa978,0x0000000745580000)
 Metaspace       used 11198K, capacity 12102K, committed 12160K, reserved 1058816K
  class space    used 1326K, capacity 1867K, committed 1920K, reserved 1048576K
}

